22:03:15.793 [main] INFO  - Goto my account-->Click on Login.. 
22:03:16.286 [main] INFO  - Entering email and password.. 
22:03:16.823 [main] INFO  - clicked on login button...
22:06:29.350 [main] INFO  - Goto my account-->Click on Login.. 
22:06:29.821 [main] INFO  - Entering email and password.. 
22:06:30.677 [main] INFO  - clicked on login button...
22:09:43.245 [main] INFO  - Goto my account-->Click on Login.. 
22:09:43.728 [main] INFO  - Entering email and password.. 
22:09:44.552 [main] INFO  - clicked on login button...
22:09:48.505 [main] INFO  - Goto my account-->Click on Login.. 
22:09:48.963 [main] INFO  - Entering email and password.. 
22:09:49.744 [main] INFO  - clicked on login button...
22:10:04.943 [main] INFO  - Goto my account-->Click on Login.. 
22:10:05.424 [main] INFO  - Entering email and password.. 
22:10:06.289 [main] INFO  - clicked on login button...
22:11:08.381 [main] INFO  - Goto my account-->Click on Login.. 
22:11:08.866 [main] INFO  - Entering email and password.. 
22:11:09.690 [main] INFO  - clicked on login button...
22:11:14.120 [main] INFO  - Goto my account-->Click on Login.. 
22:11:14.580 [main] INFO  - Entering email and password.. 
22:11:15.175 [main] INFO  - clicked on login button...
22:11:29.923 [main] INFO  - Goto my account-->Click on Login.. 
22:11:30.428 [main] INFO  - Entering email and password.. 
22:11:30.961 [main] INFO  - clicked on login button...
22:15:36.422 [main] INFO  - Goto my account-->Click on Login.. 
22:15:36.880 [main] INFO  - Entering email and password.. 
22:15:37.411 [main] INFO  - clicked on login button...
22:15:51.440 [main] INFO  - Goto my account-->Click on Login.. 
22:15:51.908 [main] INFO  - Entering email and password.. 
22:15:52.449 [main] INFO  - clicked on login button...
22:28:06.601 [main] INFO  - Goto my account-->Click on Login.. 
22:28:07.102 [main] INFO  - Entering email and password.. 
22:28:07.660 [main] INFO  - clicked on login button...
22:28:22.095 [main] INFO  - Goto my account-->Click on Login.. 
22:28:22.571 [main] INFO  - Entering email and password.. 
22:28:23.113 [main] INFO  - clicked on login button...
23:39:43.421 [main] INFO  - Goto my account-->Click on Login.. 
23:39:44.005 [main] DEBUG - Parsing relationship: /xl/_rels/workbook.xml.rels
23:39:44.007 [main] DEBUG - Parsing relationship: /xl/worksheets/_rels/sheet1.xml.rels
23:39:44.009 [main] DEBUG - Parsing relationship: /_rels/.rels
23:39:44.128 [main] TRACE - Loading type system org.apache.poi.schemas.ooxml.system.ooxml
23:39:44.130 [main] TRACE - Loading type system org.apache.xmlbeans.metadata.system.sXMLCONFIG
23:39:44.131 [main] TRACE - Loading type system org.apache.xmlbeans.metadata.system.sXMLLANG
23:39:44.131 [main] TRACE - Loading type system org.apache.xmlbeans.metadata.system.sXMLSCHEMA
23:39:44.131 [main] TRACE - Loading type system org.apache.xmlbeans.metadata.system.sXMLTOOLS
23:39:44.132 [main] TRACE - Reading unresolved handles for type system org.apache.xmlbeans.metadata.system.sXMLTOOLS
23:39:44.139 [main] TRACE - Finished loading type system org.apache.xmlbeans.metadata.system.sXMLTOOLS
23:39:44.140 [main] TRACE - Reading unresolved handles for type system org.apache.xmlbeans.metadata.system.sXMLSCHEMA
23:39:44.145 [main] TRACE - Finished loading type system org.apache.xmlbeans.metadata.system.sXMLSCHEMA
23:39:44.146 [main] TRACE - Reading unresolved handles for type system org.apache.xmlbeans.metadata.system.sXMLLANG
23:39:44.146 [main] TRACE - Finished loading type system org.apache.xmlbeans.metadata.system.sXMLLANG
23:39:44.147 [main] TRACE - Reading unresolved handles for type system org.apache.xmlbeans.metadata.system.sXMLCONFIG
23:39:44.147 [main] TRACE - Finished loading type system org.apache.xmlbeans.metadata.system.sXMLCONFIG
23:39:44.148 [main] TRACE - Reading unresolved handles for type system org.apache.poi.schemas.ooxml.system.ooxml
23:39:44.183 [main] TRACE - Finished loading type system org.apache.poi.schemas.ooxml.system.ooxml
23:39:44.184 [main] TRACE - Resolving type for handle themefd26doctype
23:39:44.225 [main] TRACE - Resolving type for handle stylesheet5d8bdoctype
23:39:44.229 [main] TRACE - Resolving type for handle ctstylesheet4257type
23:39:44.232 [main] TRACE - Resolving type for handle ctfonts6623type
23:39:44.233 [main] TRACE - Resolving type for handle ctfont14d8type
23:39:44.237 [main] TRACE - Resolving type for handle ctfills2c6ftype
23:39:44.238 [main] TRACE - Resolving type for handle ctfill550ctype
23:39:44.239 [main] TRACE - Resolving type for handle ctborders0d66type
23:39:44.240 [main] TRACE - Resolving type for handle ctborderf935type
23:39:44.243 [main] TRACE - Resolving type for handle ctcellxfs1322type
23:39:44.245 [main] TRACE - Resolving type for handle ctxf97f7type
23:39:44.246 [main] TRACE - Resolving type for handle ctcellstylexfsa81ftype
23:39:44.247 [main] TRACE - Resolving type for handle ctdxfsb26atype
23:39:44.249 [main] TRACE - Resolving type for handle cttablestyles872ftype
23:39:44.250 [main] TRACE - Resolving type for handle sstf81fdoctype
23:39:44.253 [main] TRACE - Resolving type for handle ctsst44f3type
23:39:44.258 [main] TRACE - Resolving type for handle ctrsta472type
23:39:44.269 [main] DEBUG - using default POIXMLDocumentPart for http://schemas.openxmlformats.org/officeDocument/2006/relationships/printerSettings
23:39:44.270 [main] TRACE - Resolving type for handle workbookec17doctype
23:39:44.273 [main] TRACE - Resolving type for handle ctworkbook83c3type
23:39:44.277 [main] TRACE - Resolving type for handle ctsheets49fdtype
23:39:44.278 [main] TRACE - Resolving type for handle ctsheet4dbetype
23:39:44.279 [main] TRACE - Resolving type for handle strelationshipid1e94type
23:39:44.281 [main] TRACE - Resolving type for handle worksheetf539doctype
23:39:44.285 [main] TRACE - Resolving type for handle ctworksheet530dtype
23:39:44.289 [main] TRACE - Resolving type for handle ctcols627ctype
23:39:44.292 [main] TRACE - Resolving type for handle ctcola95ftype
23:39:44.300 [main] TRACE - Resolving type for handle ctsheetdata8408type
23:39:44.302 [main] TRACE - Resolving type for handle ctrowdd39type
23:39:44.305 [main] TRACE - Resolving type for handle ctcell842btype
23:39:44.308 [main] TRACE - Resolving type for handle stcellrefe4e0type
23:39:44.312 [main] TRACE - Resolving type for handle cthyperlinks6416type
23:39:44.313 [main] TRACE - Resolving type for handle cthyperlink0c85type
23:39:44.316 [main] TRACE - Resolving type for handle stxstringf179type
23:39:44.318 [main] TRACE - Resolving type for handle stcelltypebf95type
23:39:50.031 [main] INFO  - Goto my account-->Click on Login.. 
23:39:50.509 [main] DEBUG - Parsing relationship: /xl/_rels/workbook.xml.rels
23:39:50.510 [main] DEBUG - Parsing relationship: /xl/worksheets/_rels/sheet1.xml.rels
23:39:50.510 [main] DEBUG - Parsing relationship: /_rels/.rels
23:39:50.520 [main] DEBUG - using default POIXMLDocumentPart for http://schemas.openxmlformats.org/officeDocument/2006/relationships/printerSettings
23:40:05.310 [main] INFO  - Goto my account-->Click on Login.. 
23:40:05.784 [main] DEBUG - Parsing relationship: /xl/_rels/workbook.xml.rels
23:40:05.785 [main] DEBUG - Parsing relationship: /xl/worksheets/_rels/sheet1.xml.rels
23:40:05.786 [main] DEBUG - Parsing relationship: /_rels/.rels
23:40:05.795 [main] DEBUG - using default POIXMLDocumentPart for http://schemas.openxmlformats.org/officeDocument/2006/relationships/printerSettings
23:40:20.855 [main] INFO  - Goto my account-->Click on Login.. 
23:40:21.319 [main] DEBUG - Parsing relationship: /xl/_rels/workbook.xml.rels
23:40:21.320 [main] DEBUG - Parsing relationship: /xl/worksheets/_rels/sheet1.xml.rels
23:40:21.320 [main] DEBUG - Parsing relationship: /_rels/.rels
23:40:21.329 [main] DEBUG - using default POIXMLDocumentPart for http://schemas.openxmlformats.org/officeDocument/2006/relationships/printerSettings
23:40:36.011 [main] INFO  - Goto my account-->Click on Login.. 
23:40:36.487 [main] DEBUG - Parsing relationship: /xl/_rels/workbook.xml.rels
23:40:36.487 [main] DEBUG - Parsing relationship: /xl/worksheets/_rels/sheet1.xml.rels
23:40:36.488 [main] DEBUG - Parsing relationship: /_rels/.rels
23:40:36.497 [main] DEBUG - using default POIXMLDocumentPart for http://schemas.openxmlformats.org/officeDocument/2006/relationships/printerSettings
23:44:17.509 [main] INFO  - Goto my account-->Click on Login.. 
23:44:18.069 [main] DEBUG - Parsing relationship: /xl/_rels/workbook.xml.rels
23:44:18.070 [main] DEBUG - Parsing relationship: /xl/worksheets/_rels/sheet1.xml.rels
23:44:18.071 [main] DEBUG - Parsing relationship: /_rels/.rels
23:44:18.180 [main] TRACE - Loading type system org.apache.poi.schemas.ooxml.system.ooxml
23:44:18.182 [main] TRACE - Loading type system org.apache.xmlbeans.metadata.system.sXMLCONFIG
23:44:18.182 [main] TRACE - Loading type system org.apache.xmlbeans.metadata.system.sXMLLANG
23:44:18.183 [main] TRACE - Loading type system org.apache.xmlbeans.metadata.system.sXMLSCHEMA
23:44:18.183 [main] TRACE - Loading type system org.apache.xmlbeans.metadata.system.sXMLTOOLS
23:44:18.184 [main] TRACE - Reading unresolved handles for type system org.apache.xmlbeans.metadata.system.sXMLTOOLS
23:44:18.191 [main] TRACE - Finished loading type system org.apache.xmlbeans.metadata.system.sXMLTOOLS
23:44:18.191 [main] TRACE - Reading unresolved handles for type system org.apache.xmlbeans.metadata.system.sXMLSCHEMA
23:44:18.195 [main] TRACE - Finished loading type system org.apache.xmlbeans.metadata.system.sXMLSCHEMA
23:44:18.196 [main] TRACE - Reading unresolved handles for type system org.apache.xmlbeans.metadata.system.sXMLLANG
23:44:18.197 [main] TRACE - Finished loading type system org.apache.xmlbeans.metadata.system.sXMLLANG
23:44:18.197 [main] TRACE - Reading unresolved handles for type system org.apache.xmlbeans.metadata.system.sXMLCONFIG
23:44:18.198 [main] TRACE - Finished loading type system org.apache.xmlbeans.metadata.system.sXMLCONFIG
23:44:18.199 [main] TRACE - Reading unresolved handles for type system org.apache.poi.schemas.ooxml.system.ooxml
23:44:18.235 [main] TRACE - Finished loading type system org.apache.poi.schemas.ooxml.system.ooxml
23:44:18.236 [main] TRACE - Resolving type for handle themefd26doctype
23:44:18.280 [main] TRACE - Resolving type for handle stylesheet5d8bdoctype
23:44:18.283 [main] TRACE - Resolving type for handle ctstylesheet4257type
23:44:18.285 [main] TRACE - Resolving type for handle ctfonts6623type
23:44:18.287 [main] TRACE - Resolving type for handle ctfont14d8type
23:44:18.291 [main] TRACE - Resolving type for handle ctfills2c6ftype
23:44:18.292 [main] TRACE - Resolving type for handle ctfill550ctype
23:44:18.294 [main] TRACE - Resolving type for handle ctborders0d66type
23:44:18.295 [main] TRACE - Resolving type for handle ctborderf935type
23:44:18.297 [main] TRACE - Resolving type for handle ctcellxfs1322type
23:44:18.298 [main] TRACE - Resolving type for handle ctxf97f7type
23:44:18.300 [main] TRACE - Resolving type for handle ctcellstylexfsa81ftype
23:44:18.301 [main] TRACE - Resolving type for handle ctdxfsb26atype
23:44:18.302 [main] TRACE - Resolving type for handle cttablestyles872ftype
23:44:18.304 [main] TRACE - Resolving type for handle sstf81fdoctype
23:44:18.306 [main] TRACE - Resolving type for handle ctsst44f3type
23:44:18.312 [main] TRACE - Resolving type for handle ctrsta472type
23:44:18.322 [main] DEBUG - using default POIXMLDocumentPart for http://schemas.openxmlformats.org/officeDocument/2006/relationships/printerSettings
23:44:18.323 [main] TRACE - Resolving type for handle workbookec17doctype
23:44:18.326 [main] TRACE - Resolving type for handle ctworkbook83c3type
23:44:18.329 [main] TRACE - Resolving type for handle ctsheets49fdtype
23:44:18.331 [main] TRACE - Resolving type for handle ctsheet4dbetype
23:44:18.332 [main] TRACE - Resolving type for handle strelationshipid1e94type
23:44:18.333 [main] TRACE - Resolving type for handle worksheetf539doctype
23:44:18.337 [main] TRACE - Resolving type for handle ctworksheet530dtype
23:44:18.341 [main] TRACE - Resolving type for handle ctcols627ctype
23:44:18.344 [main] TRACE - Resolving type for handle ctcola95ftype
23:44:18.353 [main] TRACE - Resolving type for handle ctsheetdata8408type
23:44:18.354 [main] TRACE - Resolving type for handle ctrowdd39type
23:44:18.357 [main] TRACE - Resolving type for handle ctcell842btype
23:44:18.360 [main] TRACE - Resolving type for handle stcellrefe4e0type
23:44:18.364 [main] TRACE - Resolving type for handle cthyperlinks6416type
23:44:18.365 [main] TRACE - Resolving type for handle cthyperlink0c85type
23:44:18.368 [main] TRACE - Resolving type for handle stxstringf179type
23:44:18.369 [main] TRACE - Resolving type for handle stcelltypebf95type
23:44:32.966 [main] INFO  - Goto my account-->Click on Login.. 
23:44:33.442 [main] DEBUG - Parsing relationship: /xl/_rels/workbook.xml.rels
23:44:33.443 [main] DEBUG - Parsing relationship: /xl/worksheets/_rels/sheet1.xml.rels
23:44:33.443 [main] DEBUG - Parsing relationship: /_rels/.rels
23:44:33.454 [main] DEBUG - using default POIXMLDocumentPart for http://schemas.openxmlformats.org/officeDocument/2006/relationships/printerSettings
23:44:48.970 [main] INFO  - Goto my account-->Click on Login.. 
23:44:49.444 [main] DEBUG - Parsing relationship: /xl/_rels/workbook.xml.rels
23:44:49.445 [main] DEBUG - Parsing relationship: /xl/worksheets/_rels/sheet1.xml.rels
23:44:49.447 [main] DEBUG - Parsing relationship: /_rels/.rels
23:44:49.455 [main] DEBUG - using default POIXMLDocumentPart for http://schemas.openxmlformats.org/officeDocument/2006/relationships/printerSettings
23:45:03.359 [main] INFO  - Goto my account-->Click on Login.. 
23:45:03.955 [main] DEBUG - Parsing relationship: /xl/_rels/workbook.xml.rels
23:45:03.956 [main] DEBUG - Parsing relationship: /xl/worksheets/_rels/sheet1.xml.rels
23:45:03.956 [main] DEBUG - Parsing relationship: /_rels/.rels
23:45:03.964 [main] DEBUG - using default POIXMLDocumentPart for http://schemas.openxmlformats.org/officeDocument/2006/relationships/printerSettings
23:45:18.607 [main] INFO  - Goto my account-->Click on Login.. 
23:45:19.055 [main] DEBUG - Parsing relationship: /xl/_rels/workbook.xml.rels
23:45:19.055 [main] DEBUG - Parsing relationship: /xl/worksheets/_rels/sheet1.xml.rels
23:45:19.056 [main] DEBUG - Parsing relationship: /_rels/.rels
23:45:19.063 [main] DEBUG - using default POIXMLDocumentPart for http://schemas.openxmlformats.org/officeDocument/2006/relationships/printerSettings
23:46:06.780 [main] INFO  - Goto my account-->Click on Login.. 
23:46:07.324 [main] DEBUG - Parsing relationship: /xl/_rels/workbook.xml.rels
23:46:07.325 [main] DEBUG - Parsing relationship: /xl/worksheets/_rels/sheet1.xml.rels
23:46:07.326 [main] DEBUG - Parsing relationship: /_rels/.rels
23:46:07.425 [main] TRACE - Loading type system org.apache.poi.schemas.ooxml.system.ooxml
23:46:07.427 [main] TRACE - Loading type system org.apache.xmlbeans.metadata.system.sXMLCONFIG
23:46:07.427 [main] TRACE - Loading type system org.apache.xmlbeans.metadata.system.sXMLLANG
23:46:07.428 [main] TRACE - Loading type system org.apache.xmlbeans.metadata.system.sXMLSCHEMA
23:46:07.428 [main] TRACE - Loading type system org.apache.xmlbeans.metadata.system.sXMLTOOLS
23:46:07.429 [main] TRACE - Reading unresolved handles for type system org.apache.xmlbeans.metadata.system.sXMLTOOLS
23:46:07.437 [main] TRACE - Finished loading type system org.apache.xmlbeans.metadata.system.sXMLTOOLS
23:46:07.437 [main] TRACE - Reading unresolved handles for type system org.apache.xmlbeans.metadata.system.sXMLSCHEMA
23:46:07.440 [main] TRACE - Finished loading type system org.apache.xmlbeans.metadata.system.sXMLSCHEMA
23:46:07.441 [main] TRACE - Reading unresolved handles for type system org.apache.xmlbeans.metadata.system.sXMLLANG
23:46:07.441 [main] TRACE - Finished loading type system org.apache.xmlbeans.metadata.system.sXMLLANG
23:46:07.442 [main] TRACE - Reading unresolved handles for type system org.apache.xmlbeans.metadata.system.sXMLCONFIG
23:46:07.442 [main] TRACE - Finished loading type system org.apache.xmlbeans.metadata.system.sXMLCONFIG
23:46:07.443 [main] TRACE - Reading unresolved handles for type system org.apache.poi.schemas.ooxml.system.ooxml
23:46:07.479 [main] TRACE - Finished loading type system org.apache.poi.schemas.ooxml.system.ooxml
23:46:07.480 [main] TRACE - Resolving type for handle themefd26doctype
23:46:07.521 [main] TRACE - Resolving type for handle stylesheet5d8bdoctype
23:46:07.525 [main] TRACE - Resolving type for handle ctstylesheet4257type
23:46:07.528 [main] TRACE - Resolving type for handle ctfonts6623type
23:46:07.530 [main] TRACE - Resolving type for handle ctfont14d8type
23:46:07.533 [main] TRACE - Resolving type for handle ctfills2c6ftype
23:46:07.534 [main] TRACE - Resolving type for handle ctfill550ctype
23:46:07.535 [main] TRACE - Resolving type for handle ctborders0d66type
23:46:07.537 [main] TRACE - Resolving type for handle ctborderf935type
23:46:07.538 [main] TRACE - Resolving type for handle ctcellxfs1322type
23:46:07.540 [main] TRACE - Resolving type for handle ctxf97f7type
23:46:07.541 [main] TRACE - Resolving type for handle ctcellstylexfsa81ftype
23:46:07.542 [main] TRACE - Resolving type for handle ctdxfsb26atype
23:46:07.543 [main] TRACE - Resolving type for handle cttablestyles872ftype
23:46:07.545 [main] TRACE - Resolving type for handle sstf81fdoctype
23:46:07.549 [main] TRACE - Resolving type for handle ctsst44f3type
23:46:07.555 [main] TRACE - Resolving type for handle ctrsta472type
23:46:07.565 [main] DEBUG - using default POIXMLDocumentPart for http://schemas.openxmlformats.org/officeDocument/2006/relationships/printerSettings
23:46:07.566 [main] TRACE - Resolving type for handle workbookec17doctype
23:46:07.569 [main] TRACE - Resolving type for handle ctworkbook83c3type
23:46:07.571 [main] TRACE - Resolving type for handle ctsheets49fdtype
23:46:07.572 [main] TRACE - Resolving type for handle ctsheet4dbetype
23:46:07.573 [main] TRACE - Resolving type for handle strelationshipid1e94type
23:46:07.574 [main] TRACE - Resolving type for handle worksheetf539doctype
23:46:07.578 [main] TRACE - Resolving type for handle ctworksheet530dtype
23:46:07.583 [main] TRACE - Resolving type for handle ctcols627ctype
23:46:07.586 [main] TRACE - Resolving type for handle ctcola95ftype
23:46:07.594 [main] TRACE - Resolving type for handle ctsheetdata8408type
23:46:07.595 [main] TRACE - Resolving type for handle ctrowdd39type
23:46:07.598 [main] TRACE - Resolving type for handle ctcell842btype
23:46:07.602 [main] TRACE - Resolving type for handle stcellrefe4e0type
23:46:07.604 [main] TRACE - Resolving type for handle cthyperlinks6416type
23:46:07.606 [main] TRACE - Resolving type for handle cthyperlink0c85type
23:46:07.608 [main] TRACE - Resolving type for handle stxstringf179type
23:46:07.610 [main] TRACE - Resolving type for handle stcelltypebf95type
23:46:13.263 [main] INFO  - Goto my account-->Click on Login.. 
23:46:13.713 [main] DEBUG - Parsing relationship: /xl/_rels/workbook.xml.rels
23:46:13.714 [main] DEBUG - Parsing relationship: /xl/worksheets/_rels/sheet1.xml.rels
23:46:13.714 [main] DEBUG - Parsing relationship: /_rels/.rels
23:46:13.725 [main] DEBUG - using default POIXMLDocumentPart for http://schemas.openxmlformats.org/officeDocument/2006/relationships/printerSettings
23:46:28.202 [main] INFO  - Goto my account-->Click on Login.. 
23:46:28.669 [main] DEBUG - Parsing relationship: /xl/_rels/workbook.xml.rels
23:46:28.669 [main] DEBUG - Parsing relationship: /xl/worksheets/_rels/sheet1.xml.rels
23:46:28.670 [main] DEBUG - Parsing relationship: /_rels/.rels
23:46:28.679 [main] DEBUG - using default POIXMLDocumentPart for http://schemas.openxmlformats.org/officeDocument/2006/relationships/printerSettings
23:46:45.417 [main] INFO  - Goto my account-->Click on Login.. 
23:46:45.848 [main] DEBUG - Parsing relationship: /xl/_rels/workbook.xml.rels
23:46:45.849 [main] DEBUG - Parsing relationship: /xl/worksheets/_rels/sheet1.xml.rels
23:46:45.850 [main] DEBUG - Parsing relationship: /_rels/.rels
23:46:45.859 [main] DEBUG - using default POIXMLDocumentPart for http://schemas.openxmlformats.org/officeDocument/2006/relationships/printerSettings
23:47:00.351 [main] INFO  - Goto my account-->Click on Login.. 
23:47:00.808 [main] DEBUG - Parsing relationship: /xl/_rels/workbook.xml.rels
23:47:00.809 [main] DEBUG - Parsing relationship: /xl/worksheets/_rels/sheet1.xml.rels
23:47:00.809 [main] DEBUG - Parsing relationship: /_rels/.rels
23:47:00.819 [main] DEBUG - using default POIXMLDocumentPart for http://schemas.openxmlformats.org/officeDocument/2006/relationships/printerSettings
